<?xml version="1.0" encoding="UTF-8"?>
<!-- Generated by org.testng.reporters.JUnitXMLReporter -->
<testsuite ignored="0" hostname="EON.local" failures="2" tests="8" name="Demo101" time="30.444" errors="0" timestamp="2021-05-21T16:48:21 SAST">
  <testcase classname="testngdemo.Testngdemo" name="test1" time="0.022">
    <failure type="java.lang.AssertionError" message="expected [true] but found [false]">
      <![CDATA[java.lang.AssertionError: expected [true] but found [false]
at testngdemo.Testngdemo.test1(Testngdemo.java:21)
at java.base/java.util.ArrayList.forEach(ArrayList.java:1511)
... Removed 31 stack frames]]>
    </failure>
  </testcase> <!-- test1 -->
  <testcase classname="testngdemo.Testngdemo" name="test2" time="0.004">
    <skipped/>
  </testcase> <!-- test2 -->
  <testcase classname="testngdemo.Testngdemo" name="test3" time="0.004"/>
  <testcase classname="BankProjectGenerateDataTstNG.BankProjectGenerateDataKeywords" name="testCase1" time="16.246"/>
  <testcase classname="BankProjectGenerateDataTstNG.BankProjectGenerateDataKeywords" name="testCase2" time="14.038"/>
  <testcase classname="testngdemo.Testngdemo2" name="test4" time="0.001">
    <failure type="java.lang.AssertionError" message="expected [true] but found [false]">
      <![CDATA[java.lang.AssertionError: expected [true] but found [false]
at testngdemo.Testngdemo2.test4(Testngdemo2.java:21)
at java.base/java.util.ArrayList.forEach(ArrayList.java:1511)
... Removed 31 stack frames]]>
    </failure>
  </testcase> <!-- test4 -->
  <testcase classname="testngdemo.Testngdemo2" name="test5" time="0.002">
    <skipped/>
  </testcase> <!-- test5 -->
  <testcase classname="testngdemo.Testngdemo2" name="test6" time="0.002"/>
</testsuite> <!-- Demo101 -->
