<?xml version="1.0" encoding="UTF-8"?>
<!-- Generated by org.testng.reporters.JUnitXMLReporter -->
<testsuite ignored="0" hostname="EON.local" failures="0" tests="7" name="TelcoProjects Keywords Driven Demo" time="103.068" errors="0" timestamp="2021-06-13T10:43:26 SAST">
  <testcase classname="TelcoProjects.TelcoProjectTstNGOne" name="testOne" time="8.653"/>
  <testcase classname="TelcoProjects.TelcoProjectTstNGOne" name="testThree" time="0.021"/>
  <testcase classname="TelcoProjects.TelcoProjectTstNGOne" name="testTwo" time="11.642"/>
  <testcase classname="TelcoProjects.TelcoProjectTstNGTwo" name="testOne" time="21.467"/>
  <testcase classname="TelcoProjects.TelcoProjectTstNGTwo" name="testTwo" time="17.271"/>
  <testcase classname="TelcoProjects.TelcoProjectTstNGThree" name="testOne" time="21.539"/>
  <testcase classname="TelcoProjects.TelcoProjectTstNGThree" name="testTwo" time="15.116"/>
</testsuite> <!-- TelcoProjects Keywords Driven Demo -->
