<?xml version="1.0" encoding="UTF-8"?>
<!-- Generated by org.testng.reporters.JUnitXMLReporter -->
<testsuite ignored="0" hostname="EON.local" failures="0" tests="4" name="Assignments1-4" time="35.501" errors="0" timestamp="2021-06-15T18:20:03 SAST">
  <testcase classname="telcoTests.Assignment3Tests" name="test1" time="12.909"/>
  <testcase classname="telcoTests.Assignment3Tests" name="test2" time="7.813"/>
  <testcase classname="telcoTests.Assignment3Tests" name="test3" time="7.292"/>
  <testcase classname="telcoTests.Assignment3Tests" name="test4" time="7.02"/>
</testsuite> <!-- Assignments1-4 -->
